{"uuid":"3b17d50a-4ac3-4bd7-b749-4241c35530ab","historyId":"abad5a18ab99c33b535302b1f573e63d","fullName":"com.example.teamcity.api.BuildTypeTest.userCreatesBuildTypeTest","labels":[{"name":"package","value":"com.example.teamcity.api.BuildTypeTest"},{"name":"testClass","value":"com.example.teamcity.api.BuildTypeTest"},{"name":"testMethod","value":"userCreatesBuildTypeTest"},{"name":"parentSuite","value":"Default Suite"},{"name":"suite","value":"MARGO_TEAMCITY"},{"name":"subSuite","value":"com.example.teamcity.api.BuildTypeTest"},{"name":"host","value":"Margaritas-MacBook-Pro.local"},{"name":"thread","value":"58320@Margaritas-MacBook-Pro.local.main(1)"},{"name":"framework","value":"testng"},{"name":"language","value":"java"}],"links":[],"name":"User should be able to create build type","status":"broken","statusDetails":{"known":false,"muted":false,"flaky":false,"message":"Cannot generate test data","trace":"java.lang.IllegalStateException: Cannot generate test data\n\tat com.example.teamcity.api.generator.TestDataGenerator.generate(TestDataGenerator.java:82)\n\tat com.example.teamcity.api.generator.TestDataGenerator.lambda$generate$2(TestDataGenerator.java:71)\n\tat java.base/java.util.Optional.orElseGet(Optional.java:364)\n\tat com.example.teamcity.api.generator.TestDataGenerator.generate(TestDataGenerator.java:71)\n\tat com.example.teamcity.api.generator.TestDataGenerator.lambda$generate$1(TestDataGenerator.java:64)\n\tat java.base/java.util.Optional.orElseGet(Optional.java:364)\n\tat com.example.teamcity.api.generator.TestDataGenerator.generate(TestDataGenerator.java:64)\n\tat com.example.teamcity.api.generator.TestDataGenerator.generate(TestDataGenerator.java:87)\n\tat com.example.teamcity.api.BuildTypeTest.userCreatesBuildTypeTest(BuildTypeTest.java:18)\n\tat java.base/jdk.internal.reflect.NativeMethodAccessorImpl.invoke0(Native Method)\n\tat java.base/jdk.internal.reflect.NativeMethodAccessorImpl.invoke(NativeMethodAccessorImpl.java:77)\n\tat java.base/jdk.internal.reflect.DelegatingMethodAccessorImpl.invoke(DelegatingMethodAccessorImpl.java:43)\n\tat java.base/java.lang.reflect.Method.invoke(Method.java:569)\n\tat org.testng.internal.invokers.MethodInvocationHelper.invokeMethod(MethodInvocationHelper.java:141)\n\tat org.testng.internal.invokers.TestInvoker.invokeMethod(TestInvoker.java:686)\n\tat org.testng.internal.invokers.TestInvoker.invokeTestMethod(TestInvoker.java:230)\n\tat org.testng.internal.invokers.MethodRunner.runInSequence(MethodRunner.java:63)\n\tat org.testng.internal.invokers.TestInvoker$MethodInvocationAgent.invoke(TestInvoker.java:992)\n\tat org.testng.internal.invokers.TestInvoker.invokeTestMethods(TestInvoker.java:203)\n\tat org.testng.internal.invokers.TestMethodWorker.invokeTestMethods(TestMethodWorker.java:154)\n\tat org.testng.internal.invokers.TestMethodWorker.run(TestMethodWorker.java:134)\n\tat java.base/java.util.ArrayList.forEach(ArrayList.java:1511)\n\tat org.testng.TestRunner.privateRun(TestRunner.java:739)\n\tat org.testng.TestRunner.run(TestRunner.java:614)\n\tat org.testng.SuiteRunner.runTest(SuiteRunner.java:421)\n\tat org.testng.SuiteRunner.runSequentially(SuiteRunner.java:413)\n\tat org.testng.SuiteRunner.privateRun(SuiteRunner.java:373)\n\tat org.testng.SuiteRunner.run(SuiteRunner.java:312)\n\tat org.testng.SuiteRunnerWorker.runSuite(SuiteRunnerWorker.java:52)\n\tat org.testng.SuiteRunnerWorker.run(SuiteRunnerWorker.java:95)\n\tat org.testng.TestNG.runSuitesSequentially(TestNG.java:1274)\n\tat org.testng.TestNG.runSuitesLocally(TestNG.java:1208)\n\tat org.testng.TestNG.runSuites(TestNG.java:1112)\n\tat org.testng.TestNG.run(TestNG.java:1079)\n\tat com.intellij.rt.testng.IDEARemoteTestNG.run(IDEARemoteTestNG.java:65)\n\tat com.intellij.rt.testng.RemoteTestNGStarter.main(RemoteTestNGStarter.java:105)\nCaused by: java.lang.NoSuchMethodException: com.example.teamcity.api.models.Role.<init>()\n\tat java.base/java.lang.Class.getConstructor0(Class.java:3585)\n\tat java.base/java.lang.Class.getDeclaredConstructor(Class.java:2754)\n\tat com.example.teamcity.api.generator.TestDataGenerator.generate(TestDataGenerator.java:49)\n\t... 35 more\n"},"stage":"finished","steps":[],"attachments":[],"parameters":[],"start":1728235420664,"stop":1728235420689}