{"uuid":"9cef75a4-1a01-4f43-a118-fec5348112fc","historyId":"314cf2f214236508b6ea9bb42f0553f5","fullName":"com.example.teamcity.ui.CreateBuildTypeTest.userCreatesBuildType","labels":[{"name":"package","value":"com.example.teamcity.ui.CreateBuildTypeTest"},{"name":"testClass","value":"com.example.teamcity.ui.CreateBuildTypeTest"},{"name":"testMethod","value":"userCreatesBuildType"},{"name":"parentSuite","value":"Default Suite"},{"name":"suite","value":"MARGO_TEAMCITY"},{"name":"subSuite","value":"com.example.teamcity.ui.CreateBuildTypeTest"},{"name":"host","value":"Margaritas-MacBook-Pro.local"},{"name":"thread","value":"55555@Margaritas-MacBook-Pro.local.main(1)"},{"name":"framework","value":"testng"},{"name":"language","value":"java"}],"links":[],"name":"User should be able to create build type","status":"failed","statusDetails":{"known":false,"muted":false,"flaky":false,"message":"Element not found {#restPageTitle}\nExpected: exact text \"test_neKLmoFEqD\"\nScreenshot: file:/Users/margarita2023/AquaProjects/MARGO_TEAMCITY/build/reports/tests/1730672984837.0.png\nPage source: file:/Users/margarita2023/AquaProjects/MARGO_TEAMCITY/build/reports/tests/1730672984837.0.html\nTimeout: 30 s.\nCaused by: NoSuchElementException: Unable to locate element: #restPageTitle","trace":"Element not found {#restPageTitle}\nExpected: exact text \"test_neKLmoFEqD\"\nScreenshot: file:/Users/margarita2023/AquaProjects/MARGO_TEAMCITY/build/reports/tests/1730672984837.0.png\nPage source: file:/Users/margarita2023/AquaProjects/MARGO_TEAMCITY/build/reports/tests/1730672984837.0.html\nTimeout: 30 s.\nCaused by: NoSuchElementException: Unable to locate element: #restPageTitle\n\tat com.codeborne.selenide.impl.WebElementSource.createElementNotFoundError(WebElementSource.java:90)\n\tat com.codeborne.selenide.impl.ElementFinder.createElementNotFoundError(ElementFinder.java:142)\n\tat com.codeborne.selenide.impl.WebElementSource.handleError(WebElementSource.java:142)\n\tat com.codeborne.selenide.impl.WebElementSource.checkConditionAndReturnElement(WebElementSource.java:126)\n\tat com.codeborne.selenide.impl.WebElementSource.checkCondition(WebElementSource.java:103)\n\tat com.codeborne.selenide.commands.Should.execute(Should.java:30)\n\tat com.codeborne.selenide.commands.Should.execute(Should.java:14)\n\tat com.codeborne.selenide.commands.Commands.execute(Commands.java:162)\n\tat com.codeborne.selenide.impl.SelenideElementProxy.dispatchAndRetry(SelenideElementProxy.java:134)\n\tat com.codeborne.selenide.impl.SelenideElementProxy.invoke(SelenideElementProxy.java:86)\n\tat jdk.proxy2/jdk.proxy2.$Proxy24.shouldHave(Unknown Source)\n\tat com.example.teamcity.ui.CreateBuildTypeTest.userCreatesBuildType(CreateBuildTypeTest.java:38)\n\tat java.base/jdk.internal.reflect.NativeMethodAccessorImpl.invoke0(Native Method)\n\tat java.base/jdk.internal.reflect.NativeMethodAccessorImpl.invoke(NativeMethodAccessorImpl.java:77)\n\tat java.base/jdk.internal.reflect.DelegatingMethodAccessorImpl.invoke(DelegatingMethodAccessorImpl.java:43)\n\tat java.base/java.lang.reflect.Method.invoke(Method.java:569)\n\tat org.testng.internal.invokers.MethodInvocationHelper.invokeMethod(MethodInvocationHelper.java:141)\n\tat org.testng.internal.invokers.TestInvoker.invokeMethod(TestInvoker.java:686)\n\tat org.testng.internal.invokers.TestInvoker.invokeTestMethod(TestInvoker.java:230)\n\tat org.testng.internal.invokers.MethodRunner.runInSequence(MethodRunner.java:63)\n\tat org.testng.internal.invokers.TestInvoker$MethodInvocationAgent.invoke(TestInvoker.java:992)\n\tat org.testng.internal.invokers.TestInvoker.invokeTestMethods(TestInvoker.java:203)\n\tat org.testng.internal.invokers.TestMethodWorker.invokeTestMethods(TestMethodWorker.java:154)\n\tat org.testng.internal.invokers.TestMethodWorker.run(TestMethodWorker.java:134)\n\tat java.base/java.util.ArrayList.forEach(ArrayList.java:1511)\n\tat org.testng.TestRunner.privateRun(TestRunner.java:739)\n\tat org.testng.TestRunner.run(TestRunner.java:614)\n\tat org.testng.SuiteRunner.runTest(SuiteRunner.java:421)\n\tat org.testng.SuiteRunner.runSequentially(SuiteRunner.java:413)\n\tat org.testng.SuiteRunner.privateRun(SuiteRunner.java:373)\n\tat org.testng.SuiteRunner.run(SuiteRunner.java:312)\n\tat org.testng.SuiteRunnerWorker.runSuite(SuiteRunnerWorker.java:52)\n\tat org.testng.SuiteRunnerWorker.run(SuiteRunnerWorker.java:95)\n\tat org.testng.TestNG.runSuitesSequentially(TestNG.java:1274)\n\tat org.testng.TestNG.runSuitesLocally(TestNG.java:1208)\n\tat org.testng.TestNG.runSuites(TestNG.java:1112)\n\tat org.testng.TestNG.run(TestNG.java:1079)\n\tat com.intellij.rt.testng.IDEARemoteTestNG.run(IDEARemoteTestNG.java:65)\n\tat com.intellij.rt.testng.RemoteTestNGStarter.main(RemoteTestNGStarter.java:105)\nCaused by: org.openqa.selenium.NoSuchElementException: Unable to locate element: #restPageTitle\nFor documentation on this error, please visit: https://www.selenium.dev/documentation/webdriver/troubleshooting/errors#no-such-element-exception\nBuild info: version: '4.25.0', revision: '8a8aea2337'\nSystem info: os.name: 'Mac OS X', os.arch: 'x86_64', os.version: '13.5', java.version: '17.0.12'\nDriver info: org.openqa.selenium.remote.RemoteWebDriver\nCommand: [964bc403-ce95-4931-a86c-3163f0ae3bea, findElement {value=#restPageTitle, using=css selector}]\nCapabilities {acceptInsecureCerts: true, browserName: firefox, browserVersion: 89.0, moz:accessibilityChecks: false, moz:buildID: 20210527174632, moz:debuggerAddress: localhost:34037, moz:geckodriverVersion: 0.29.1, moz:headless: false, moz:processID: 202, moz:profile: /tmp/rust_mozprofile0aw77u, moz:shutdownTimeout: 60000, moz:useNonSpecCompliantPointerOrigin: false, moz:webdriverClick: true, pageLoadStrategy: normal, platformName: linux, platformVersion: 6.6.32-linuxkit, se:cdp: ws://localhost:4444/devtool..., se:cdpVersion: 89.0, setWindowRect: true, strictFileInteractability: false, timeouts: {implicit: 0, pageLoad: 300000, script: 30000}, unhandledPromptBehavior: accept}\nSession ID: 964bc403-ce95-4931-a86c-3163f0ae3bea\n\tat jdk.internal.reflect.GeneratedConstructorAccessor18.newInstance(Unknown Source)\n\tat java.base/jdk.internal.reflect.DelegatingConstructorAccessorImpl.newInstance(DelegatingConstructorAccessorImpl.java:45)\n\tat java.base/java.lang.reflect.Constructor.newInstanceWithCaller(Constructor.java:500)\n\tat java.base/java.lang.reflect.Constructor.newInstance(Constructor.java:481)\n\tat org.openqa.selenium.remote.ErrorCodec.decode(ErrorCodec.java:167)\n\tat org.openqa.selenium.remote.codec.w3c.W3CHttpResponseCodec.decode(W3CHttpResponseCodec.java:138)\n\tat org.openqa.selenium.remote.codec.w3c.W3CHttpResponseCodec.decode(W3CHttpResponseCodec.java:50)\n\tat org.openqa.selenium.remote.HttpCommandExecutor.execute(HttpCommandExecutor.java:190)\n\tat org.openqa.selenium.remote.RemoteWebDriver.execute(RemoteWebDriver.java:545)\n\tat org.openqa.selenium.remote.ElementLocation$ElementFinder$2.findElement(ElementLocation.java:165)\n\tat org.openqa.selenium.remote.ElementLocation.findElement(ElementLocation.java:59)\n\tat org.openqa.selenium.remote.RemoteWebDriver.findElement(RemoteWebDriver.java:368)\n\tat org.openqa.selenium.remote.RemoteWebDriver.findElement(RemoteWebDriver.java:362)\n\tat com.codeborne.selenide.impl.WebElementSelector.findElement(WebElementSelector.java:73)\n\tat com.codeborne.selenide.impl.WebElementSelector.findElement(WebElementSelector.java:46)\n\tat com.codeborne.selenide.impl.WebElementSelector.findElement(WebElementSelector.java:35)\n\tat com.codeborne.selenide.impl.ElementFinder.getWebElement(ElementFinder.java:122)\n\tat com.codeborne.selenide.impl.WebElementSource.checkConditionAndReturnElement(WebElementSource.java:115)\n\t... 35 more\n"},"stage":"finished","steps":[],"attachments":[],"parameters":[],"start":1730672883830,"stop":1730672985644}